14:12:36.831 [main] ERROR dev.ihm.exception - java.sql.SQLException: Illegal connection port value '3306:pizzeria-paula'
dev.exception.SavePizzaException: java.sql.SQLException: Illegal connection port value '3306:pizzeria-paula'
	at dev.dao.PizzaDaoJDBC.saveNewPizza(PizzaDaoJDBC.java:97)
	at dev.ihm.menu.option.NouvellePizzaOptionMenu.execute(NouvellePizzaOptionMenu.java:44)
	at dev.ihm.menu.Menu.manage(Menu.java:59)
	at dev.ihm.Main.main(Main.java:63)
Caused by: java.sql.SQLException: Illegal connection port value '3306:pizzeria-paula'
	at com.mysql.jdbc.SQLError.createSQLException(SQLError.java:1055)
	at com.mysql.jdbc.SQLError.createSQLException(SQLError.java:956)
	at com.mysql.jdbc.SQLError.createSQLException(SQLError.java:926)
	at com.mysql.jdbc.ConnectionImpl.createNewIO(ConnectionImpl.java:2018)
	at com.mysql.jdbc.ConnectionImpl.<init>(ConnectionImpl.java:718)
	at com.mysql.jdbc.JDBC4Connection.<init>(JDBC4Connection.java:46)
	at sun.reflect.NativeConstructorAccessorImpl.newInstance0(Native Method)
	at sun.reflect.NativeConstructorAccessorImpl.newInstance(Unknown Source)
	at sun.reflect.DelegatingConstructorAccessorImpl.newInstance(Unknown Source)
	at java.lang.reflect.Constructor.newInstance(Unknown Source)
	at com.mysql.jdbc.Util.handleNewInstance(Util.java:406)
	at com.mysql.jdbc.ConnectionImpl.getInstance(ConnectionImpl.java:302)
	at com.mysql.jdbc.NonRegisteringDriver.connect(NonRegisteringDriver.java:282)
	at java.sql.DriverManager.getConnection(Unknown Source)
	at java.sql.DriverManager.getConnection(Unknown Source)
	at dev.dao.PizzaDaoJDBC.saveNewPizza(PizzaDaoJDBC.java:74)
	... 3 common frames omitted
14:16:13.808 [main] ERROR dev.ihm.exception - com.mysql.jdbc.exceptions.jdbc4.MySQLSyntaxErrorException: La table 'pizzeria-paula.pizzas' n'existe pas
dev.exception.SavePizzaException: com.mysql.jdbc.exceptions.jdbc4.MySQLSyntaxErrorException: La table 'pizzeria-paula.pizzas' n'existe pas
	at dev.dao.PizzaDaoJDBC.saveNewPizza(PizzaDaoJDBC.java:97)
	at dev.ihm.menu.option.NouvellePizzaOptionMenu.execute(NouvellePizzaOptionMenu.java:44)
	at dev.ihm.menu.Menu.manage(Menu.java:59)
	at dev.ihm.Main.main(Main.java:63)
Caused by: com.mysql.jdbc.exceptions.jdbc4.MySQLSyntaxErrorException: La table 'pizzeria-paula.pizzas' n'existe pas
	at sun.reflect.NativeConstructorAccessorImpl.newInstance0(Native Method)
	at sun.reflect.NativeConstructorAccessorImpl.newInstance(Unknown Source)
	at sun.reflect.DelegatingConstructorAccessorImpl.newInstance(Unknown Source)
	at java.lang.reflect.Constructor.newInstance(Unknown Source)
	at com.mysql.jdbc.Util.handleNewInstance(Util.java:406)
	at com.mysql.jdbc.Util.getInstance(Util.java:381)
	at com.mysql.jdbc.SQLError.createSQLException(SQLError.java:1030)
	at com.mysql.jdbc.SQLError.createSQLException(SQLError.java:956)
	at com.mysql.jdbc.MysqlIO.checkErrorPacket(MysqlIO.java:3491)
	at com.mysql.jdbc.MysqlIO.checkErrorPacket(MysqlIO.java:3423)
	at com.mysql.jdbc.MysqlIO.sendCommand(MysqlIO.java:1936)
	at com.mysql.jdbc.MysqlIO.sqlQueryDirect(MysqlIO.java:2060)
	at com.mysql.jdbc.ConnectionImpl.execSQL(ConnectionImpl.java:2542)
	at com.mysql.jdbc.PreparedStatement.executeInternal(PreparedStatement.java:1734)
	at com.mysql.jdbc.PreparedStatement.executeUpdate(PreparedStatement.java:2019)
	at com.mysql.jdbc.PreparedStatement.executeUpdate(PreparedStatement.java:1937)
	at com.mysql.jdbc.PreparedStatement.executeUpdate(PreparedStatement.java:1922)
	at dev.dao.PizzaDaoJDBC.saveNewPizza(PizzaDaoJDBC.java:88)
	... 3 common frames omitted
14:18:33.078 [main] ERROR dev.ihm.exception - com.mysql.jdbc.exceptions.jdbc4.MySQLSyntaxErrorException: La table 'pizzeria-paula.pizzas' n'existe pas
dev.exception.SavePizzaException: com.mysql.jdbc.exceptions.jdbc4.MySQLSyntaxErrorException: La table 'pizzeria-paula.pizzas' n'existe pas
	at dev.dao.PizzaDaoJDBC.saveNewPizza(PizzaDaoJDBC.java:97)
	at dev.ihm.menu.option.NouvellePizzaOptionMenu.execute(NouvellePizzaOptionMenu.java:44)
	at dev.ihm.menu.Menu.manage(Menu.java:59)
	at dev.ihm.Main.main(Main.java:63)
Caused by: com.mysql.jdbc.exceptions.jdbc4.MySQLSyntaxErrorException: La table 'pizzeria-paula.pizzas' n'existe pas
	at sun.reflect.NativeConstructorAccessorImpl.newInstance0(Native Method)
	at sun.reflect.NativeConstructorAccessorImpl.newInstance(Unknown Source)
	at sun.reflect.DelegatingConstructorAccessorImpl.newInstance(Unknown Source)
	at java.lang.reflect.Constructor.newInstance(Unknown Source)
	at com.mysql.jdbc.Util.handleNewInstance(Util.java:406)
	at com.mysql.jdbc.Util.getInstance(Util.java:381)
	at com.mysql.jdbc.SQLError.createSQLException(SQLError.java:1030)
	at com.mysql.jdbc.SQLError.createSQLException(SQLError.java:956)
	at com.mysql.jdbc.MysqlIO.checkErrorPacket(MysqlIO.java:3491)
	at com.mysql.jdbc.MysqlIO.checkErrorPacket(MysqlIO.java:3423)
	at com.mysql.jdbc.MysqlIO.sendCommand(MysqlIO.java:1936)
	at com.mysql.jdbc.MysqlIO.sqlQueryDirect(MysqlIO.java:2060)
	at com.mysql.jdbc.ConnectionImpl.execSQL(ConnectionImpl.java:2542)
	at com.mysql.jdbc.PreparedStatement.executeInternal(PreparedStatement.java:1734)
	at com.mysql.jdbc.PreparedStatement.executeUpdate(PreparedStatement.java:2019)
	at com.mysql.jdbc.PreparedStatement.executeUpdate(PreparedStatement.java:1937)
	at com.mysql.jdbc.PreparedStatement.executeUpdate(PreparedStatement.java:1922)
	at dev.dao.PizzaDaoJDBC.saveNewPizza(PizzaDaoJDBC.java:88)
	... 3 common frames omitted
